<?xml version="1.0" encoding="UTF-8"?>
<!-- Generated by org.testng.reporters.JUnitXMLReporter -->
<testsuite ignored="0" hostname="DESKTOP-CV4TO07" failures="0" tests="4" name="CheckBox_test" time="8.517" errors="0" timestamp="2024-07-04T23:22:10 IST">
  <testcase classname="Testingbaba_test.CheckBox_Test" name="element" time="0.061"/>
  <testcase classname="Testingbaba_test.CheckBox_Test" name="checkBox" time="0.07"/>
  <testcase classname="Testingbaba_test.CheckBox_Test" name="checkboxtick" time="0.378"/>
  <testcase classname="Testingbaba_test.CheckBox_Test" name="getAftermsg" time="0.246"/>
</testsuite> <!-- CheckBox_test -->
