<?xml version="1.0" encoding="UTF-8"?>
<!-- Generated by org.testng.reporters.JUnitXMLReporter -->
<testsuite ignored="0" hostname="DESKTOP-CV4TO07" failures="0" tests="3" name="RadioButton_Test" time="8.542" errors="0" timestamp="2024-07-04T23:22:18 IST">
  <testcase classname="Testingbaba_test.RadioButton_Test" name="element" time="1.082"/>
  <testcase classname="Testingbaba_test.RadioButton_Test" name="radioButton_Click" time="0.074"/>
  <testcase classname="Testingbaba_test.RadioButton_Test" name="radioButtons_Select" time="0.294"/>
</testsuite> <!-- RadioButton_Test -->
