<?xml version="1.0" encoding="UTF-8"?>
<!-- Generated by org.testng.reporters.JUnitXMLReporter -->
<testsuite ignored="0" hostname="DESKTOP-CV4TO07" failures="0" tests="5" name="textBox_test" time="9.826" errors="0" timestamp="2024-07-04T23:22:01 IST">
  <testcase classname="Testingbaba_test.TextBox_test" name="clickonElement" time="0.064"/>
  <testcase classname="Testingbaba_test.TextBox_test" name="textbox" time="0.07"/>
  <testcase classname="Testingbaba_test.TextBox_test" name="SendDataFullName" time="1.359"/>
  <testcase classname="Testingbaba_test.TextBox_test" name="submitbutton" time="0.073"/>
  <testcase classname="Testingbaba_test.TextBox_test" name="getdetails" time="0.405"/>
</testsuite> <!-- textBox_test -->
