<?xml version="1.0" encoding="UTF-8"?>
<!-- Generated by org.testng.reporters.JUnitXMLReporter -->
<testsuite ignored="0" hostname="DESKTOP-CV4TO07" failures="0" tests="9" name="Webtable_test" time="17.882" errors="0" timestamp="2024-07-04T23:22:36 IST">
  <testcase classname="Testingbaba_test.Webtable_test" name="element_click" time="1.082"/>
  <testcase classname="Testingbaba_test.Webtable_test" name="webtable_click" time="0.091"/>
  <testcase classname="Testingbaba_test.Webtable_test" name="fillDetails" time="2.268"/>
  <testcase classname="Testingbaba_test.Webtable_test" name="nameVarification" time="0.495"/>
  <testcase classname="Testingbaba_test.Webtable_test" name="emailvarification" time="0.365"/>
  <testcase classname="Testingbaba_test.Webtable_test" name="updatename" time="2.227"/>
  <testcase classname="Testingbaba_test.Webtable_test" name="updateEmail" time="2.242"/>
  <testcase classname="Testingbaba_test.Webtable_test" name="nameValidationAfterUpdate" time="0.315"/>
  <testcase classname="Testingbaba_test.Webtable_test" name="emailValidationnAfterUpdate" time="0.305"/>
</testsuite> <!-- Webtable_test -->
